<?xml version="1.0" encoding="UTF-8"?>
<!-- Generated by org.testng.reporters.JUnitXMLReporter -->
<testsuite hostname="ip-172-31-70-208" ignored="0" name="Default test" tests="4" failures="0" timestamp="2021-02-15T13:48:27 UTC" time="19.23" errors="0">
  <testcase name="amazon_homepage" time="1.72" classname="com.project.amazon.test.Amazon_project_TestNG"/>
  <testcase name="amazon_smileNGO" time="10.006" classname="com.project.amazon.test.Amazon_project_TestNG"/>
  <testcase name="amazon_subCart" time="1.073" classname="com.project.amazon.test.Amazon_project_TestNG"/>
  <testcase name="amazon_buy" time="5.249" classname="com.project.amazon.test.Amazon_project_TestNG"/>
</testsuite> <!-- Default test -->
